0 info it worked if it ends with ok
1 verbose cli [ 'node', '/usr/local/bin/npm', 'publish' ]
2 info using npm@1.4.3
3 info using node@v0.10.26
4 verbose publish [ '.' ]
5 verbose cache add [ '.', null ]
6 verbose cache add name=undefined spec="." args=[".",null]
7 verbose parsed url { protocol: null,
7 verbose parsed url   slashes: null,
7 verbose parsed url   auth: null,
7 verbose parsed url   host: null,
7 verbose parsed url   port: null,
7 verbose parsed url   hostname: null,
7 verbose parsed url   hash: null,
7 verbose parsed url   search: null,
7 verbose parsed url   query: null,
7 verbose parsed url   pathname: '.',
7 verbose parsed url   path: '.',
7 verbose parsed url   href: '.' }
8 silly lockFile 3a52ce78- .
9 verbose lock . /Users/administrateur/.npm/3a52ce78-.lock
10 verbose tar pack [ '/var/folders/xr/jf9f48911l96d995vc_ky1840000gn/T/npm-32390-pYAGeDO9/1408744034031-0.08681768085807562/tmp.tgz',
10 verbose tar pack   '.' ]
11 verbose tarball /var/folders/xr/jf9f48911l96d995vc_ky1840000gn/T/npm-32390-pYAGeDO9/1408744034031-0.08681768085807562/tmp.tgz
12 verbose folder .
13 info prepublish sassdoc-theme-default@1.2.0
14 silly lockFile 1f1177db-tar tar://.
15 verbose lock tar://. /Users/administrateur/.npm/1f1177db-tar.lock
16 silly lockFile 1242a8ef-4031-0-08681768085807562-tmp-tgz tar:///var/folders/xr/jf9f48911l96d995vc_ky1840000gn/T/npm-32390-pYAGeDO9/1408744034031-0.08681768085807562/tmp.tgz
17 verbose lock tar:///var/folders/xr/jf9f48911l96d995vc_ky1840000gn/T/npm-32390-pYAGeDO9/1408744034031-0.08681768085807562/tmp.tgz /Users/administrateur/.npm/1242a8ef-4031-0-08681768085807562-tmp-tgz.lock
18 silly lockFile 1f1177db-tar tar://.
19 silly lockFile 1f1177db-tar tar://.
20 silly lockFile 1242a8ef-4031-0-08681768085807562-tmp-tgz tar:///var/folders/xr/jf9f48911l96d995vc_ky1840000gn/T/npm-32390-pYAGeDO9/1408744034031-0.08681768085807562/tmp.tgz
21 silly lockFile 1242a8ef-4031-0-08681768085807562-tmp-tgz tar:///var/folders/xr/jf9f48911l96d995vc_ky1840000gn/T/npm-32390-pYAGeDO9/1408744034031-0.08681768085807562/tmp.tgz
22 verbose tar unpack /var/folders/xr/jf9f48911l96d995vc_ky1840000gn/T/npm-32390-pYAGeDO9/1408744034031-0.08681768085807562/tmp.tgz
23 silly lockFile dcf2c3d4-4031-0-08681768085807562-package tar:///var/folders/xr/jf9f48911l96d995vc_ky1840000gn/T/npm-32390-pYAGeDO9/1408744034031-0.08681768085807562/package
24 verbose lock tar:///var/folders/xr/jf9f48911l96d995vc_ky1840000gn/T/npm-32390-pYAGeDO9/1408744034031-0.08681768085807562/package /Users/administrateur/.npm/dcf2c3d4-4031-0-08681768085807562-package.lock
25 silly lockFile 1242a8ef-4031-0-08681768085807562-tmp-tgz tar:///var/folders/xr/jf9f48911l96d995vc_ky1840000gn/T/npm-32390-pYAGeDO9/1408744034031-0.08681768085807562/tmp.tgz
26 verbose lock tar:///var/folders/xr/jf9f48911l96d995vc_ky1840000gn/T/npm-32390-pYAGeDO9/1408744034031-0.08681768085807562/tmp.tgz /Users/administrateur/.npm/1242a8ef-4031-0-08681768085807562-tmp-tgz.lock
27 silly gunzTarPerm modes [ '755', '644' ]
28 silly gunzTarPerm extractEntry package.json
29 silly gunzTarPerm extractEntry README.md
30 silly gunzTarPerm extractEntry LICENSE
31 silly gunzTarPerm extractEntry index.js
32 silly lockFile dcf2c3d4-4031-0-08681768085807562-package tar:///var/folders/xr/jf9f48911l96d995vc_ky1840000gn/T/npm-32390-pYAGeDO9/1408744034031-0.08681768085807562/package
33 silly lockFile dcf2c3d4-4031-0-08681768085807562-package tar:///var/folders/xr/jf9f48911l96d995vc_ky1840000gn/T/npm-32390-pYAGeDO9/1408744034031-0.08681768085807562/package
34 silly lockFile 1242a8ef-4031-0-08681768085807562-tmp-tgz tar:///var/folders/xr/jf9f48911l96d995vc_ky1840000gn/T/npm-32390-pYAGeDO9/1408744034031-0.08681768085807562/tmp.tgz
35 silly lockFile 1242a8ef-4031-0-08681768085807562-tmp-tgz tar:///var/folders/xr/jf9f48911l96d995vc_ky1840000gn/T/npm-32390-pYAGeDO9/1408744034031-0.08681768085807562/tmp.tgz
36 verbose tar pack [ '/Users/administrateur/.npm/sassdoc-theme-default/1.2.0/package.tgz',
36 verbose tar pack   '/var/folders/xr/jf9f48911l96d995vc_ky1840000gn/T/npm-32390-pYAGeDO9/1408744034031-0.08681768085807562/package' ]
37 verbose tarball /Users/administrateur/.npm/sassdoc-theme-default/1.2.0/package.tgz
38 verbose folder /var/folders/xr/jf9f48911l96d995vc_ky1840000gn/T/npm-32390-pYAGeDO9/1408744034031-0.08681768085807562/package
39 silly lockFile dcf2c3d4-4031-0-08681768085807562-package tar:///var/folders/xr/jf9f48911l96d995vc_ky1840000gn/T/npm-32390-pYAGeDO9/1408744034031-0.08681768085807562/package
40 verbose lock tar:///var/folders/xr/jf9f48911l96d995vc_ky1840000gn/T/npm-32390-pYAGeDO9/1408744034031-0.08681768085807562/package /Users/administrateur/.npm/dcf2c3d4-4031-0-08681768085807562-package.lock
41 silly lockFile eb848143--theme-default-1-2-0-package-tgz tar:///Users/administrateur/.npm/sassdoc-theme-default/1.2.0/package.tgz
42 verbose lock tar:///Users/administrateur/.npm/sassdoc-theme-default/1.2.0/package.tgz /Users/administrateur/.npm/eb848143--theme-default-1-2-0-package-tgz.lock
43 silly lockFile dcf2c3d4-4031-0-08681768085807562-package tar:///var/folders/xr/jf9f48911l96d995vc_ky1840000gn/T/npm-32390-pYAGeDO9/1408744034031-0.08681768085807562/package
44 silly lockFile dcf2c3d4-4031-0-08681768085807562-package tar:///var/folders/xr/jf9f48911l96d995vc_ky1840000gn/T/npm-32390-pYAGeDO9/1408744034031-0.08681768085807562/package
45 silly lockFile eb848143--theme-default-1-2-0-package-tgz tar:///Users/administrateur/.npm/sassdoc-theme-default/1.2.0/package.tgz
46 silly lockFile eb848143--theme-default-1-2-0-package-tgz tar:///Users/administrateur/.npm/sassdoc-theme-default/1.2.0/package.tgz
47 silly lockFile 17dd0e83-sdoc-theme-default-1-2-0-package /Users/administrateur/.npm/sassdoc-theme-default/1.2.0/package
48 verbose lock /Users/administrateur/.npm/sassdoc-theme-default/1.2.0/package /Users/administrateur/.npm/17dd0e83-sdoc-theme-default-1-2-0-package.lock
49 silly lockFile 17dd0e83-sdoc-theme-default-1-2-0-package /Users/administrateur/.npm/sassdoc-theme-default/1.2.0/package
50 silly lockFile 17dd0e83-sdoc-theme-default-1-2-0-package /Users/administrateur/.npm/sassdoc-theme-default/1.2.0/package
51 verbose tar unpack /Users/administrateur/.npm/sassdoc-theme-default/1.2.0/package.tgz
52 silly lockFile 805d23a3-sdoc-theme-default-1-2-0-package tar:///Users/administrateur/.npm/sassdoc-theme-default/1.2.0/package
53 verbose lock tar:///Users/administrateur/.npm/sassdoc-theme-default/1.2.0/package /Users/administrateur/.npm/805d23a3-sdoc-theme-default-1-2-0-package.lock
54 silly lockFile eb848143--theme-default-1-2-0-package-tgz tar:///Users/administrateur/.npm/sassdoc-theme-default/1.2.0/package.tgz
55 verbose lock tar:///Users/administrateur/.npm/sassdoc-theme-default/1.2.0/package.tgz /Users/administrateur/.npm/eb848143--theme-default-1-2-0-package-tgz.lock
56 silly gunzTarPerm modes [ '755', '644' ]
57 silly gunzTarPerm extractEntry package.json
58 silly gunzTarPerm extractEntry README.md
59 silly gunzTarPerm extractEntry LICENSE
60 silly gunzTarPerm extractEntry index.js
61 silly lockFile 805d23a3-sdoc-theme-default-1-2-0-package tar:///Users/administrateur/.npm/sassdoc-theme-default/1.2.0/package
62 silly lockFile 805d23a3-sdoc-theme-default-1-2-0-package tar:///Users/administrateur/.npm/sassdoc-theme-default/1.2.0/package
63 silly lockFile eb848143--theme-default-1-2-0-package-tgz tar:///Users/administrateur/.npm/sassdoc-theme-default/1.2.0/package.tgz
64 silly lockFile eb848143--theme-default-1-2-0-package-tgz tar:///Users/administrateur/.npm/sassdoc-theme-default/1.2.0/package.tgz
65 verbose chmod /Users/administrateur/.npm/sassdoc-theme-default/1.2.0/package.tgz 644
66 verbose chown /Users/administrateur/.npm/sassdoc-theme-default/1.2.0/package.tgz [ 501, 20 ]
67 silly lockFile 3a52ce78- .
68 silly lockFile 3a52ce78- .
69 silly publish { name: 'sassdoc-theme-default',
69 silly publish   version: '1.2.0',
69 silly publish   repository:
69 silly publish    { type: 'git',
69 silly publish      url: 'https://github.com/SassDoc/sassdoc-theme-default.git' },
69 silly publish   dependencies: { 'sassdoc-theme-light': '^1.3.0' },
69 silly publish   readme: '# SassDoc Default Theme\n\nThis leads to [sassdoc-theme-light](https://github.com/SassDoc/sassdoc-theme-light).\n',
69 silly publish   readmeFilename: 'README.md',
69 silly publish   description: 'This leads to [sassdoc-theme-light](https://github.com/SassDoc/sassdoc-theme-light).',
69 silly publish   bugs: { url: 'https://github.com/SassDoc/sassdoc-theme-default/issues' },
69 silly publish   homepage: 'https://github.com/SassDoc/sassdoc-theme-default',
69 silly publish   _id: 'sassdoc-theme-default@1.2.0',
69 silly publish   dist: { shasum: '07773eade9bb12e582e6288c30d3914dbd8b8de8' },
69 silly publish   _from: '.' }
70 verbose url raw sassdoc-theme-default
71 verbose url resolving [ 'https://registry.npmjs.org/', './sassdoc-theme-default' ]
72 verbose url resolved https://registry.npmjs.org/sassdoc-theme-default
73 info trying registry request attempt 1 at 23:47:14
74 http PUT https://registry.npmjs.org/sassdoc-theme-default
75 http 403 https://registry.npmjs.org/sassdoc-theme-default
76 error publish Failed PUT 403
77 error Error: forbidden cannot modify pre-existing version: 1.2.0
77 error old={"name":"sassdoc-theme-default","version":"1.2.0","repository":{"type":"git","url":"https://github.com/SassDoc/sassdoc-theme-default.git"},"dependencies":{"sassdoc-theme-light":"^1.2.0"},"gitHead":"4aeded97789256229bfd8b57bd4980eeded9a0d1","description":"This leads to [sassdoc-theme-light](https://github.com/SassDoc/sassdoc-theme-light).","bugs":{"url":"https://github.com/SassDoc/sassdoc-theme-default/issues"},"homepage":"https://github.com/SassDoc/sassdoc-theme-default","_id":"sassdoc-theme-default@1.2.0","scripts":{},"_shasum":"04fe7e640dc90c3bbeb45c291e7eb94e64364a7a","_from":".","_npmVersion":"1.4.21","_npmUser":{"name":"valeriangalliat","email":"vava720@gmail.com"},"maintainers":[{"name":"valeriangalliat","email":"vava720@gmail.com"},{"name":"hugogiraudel","email":"hugo.giraudel@gmail.com"},{"name":"fweinb","email":"Fabrice@weinberg.me"},{"name":"pascalduez","email":"public@pascalduez.me"}],"dist":{"shasum":"04fe7e640dc90c3bbeb45c291e7eb94e64364a7a","tarball":"http://registry.npmjs.org/sassdoc-theme-default/-/sassdoc-theme-default-1.2.0.tgz"}}
77 error new={"name":"sassdoc-theme-default","version":"1.2.0","repository":{"type":"git","url":"https://github.com/SassDoc/sassdoc-theme-default.git"},"dependencies":{"sassdoc-theme-light":"^1.3.0"},"readme":"# SassDoc Default Theme\u000a\u000aThis leads to [sassdoc-theme-light](https://github.com/SassDoc/sassdoc-theme-light).\u000a","readmeFilename":"README.md","description":"This leads to [sassdoc-theme-light](https://github.com/SassDoc/sassdoc-theme-light).","bugs":{"url":"https://github.com/SassDoc/sassdoc-theme-default/issues"},"homepage":"https://github.com/SassDoc/sassdoc-theme-default","_id":"sassdoc-theme-default@1.2.0","dist":{"shasum":"07773eade9bb12e582e6288c30d3914dbd8b8de8","tarball":"http://registry.npmjs.org/sassdoc-theme-default/-/sassdoc-theme-default-1.2.0.tgz"},"_from":".","_npmVersion":"1.4.3","_npmUser":{"name":"hugogiraudel","email":"hugo.giraudel@gmail.com"},"maintainers":[{"name":"hugogiraudel","email":"hugo.giraudel@gmail.com"}]}: sassdoc-theme-default
77 error     at RegClient.<anonymous> (/usr/local/lib/node_modules/npm/node_modules/npm-registry-client/lib/request.js:237:14)
77 error     at Request.self.callback (/usr/local/lib/node_modules/npm/node_modules/request/request.js:123:22)
77 error     at Request.EventEmitter.emit (events.js:98:17)
77 error     at Request.<anonymous> (/usr/local/lib/node_modules/npm/node_modules/request/request.js:893:14)
77 error     at Request.EventEmitter.emit (events.js:117:20)
77 error     at IncomingMessage.<anonymous> (/usr/local/lib/node_modules/npm/node_modules/request/request.js:844:12)
77 error     at IncomingMessage.EventEmitter.emit (events.js:117:20)
77 error     at _stream_readable.js:920:16
77 error     at process._tickCallback (node.js:415:13)
78 error If you need help, you may report this *entire* log,
78 error including the npm and node versions, at:
78 error     <http://github.com/npm/npm/issues>
79 error System Darwin 13.1.0
80 error command "node" "/usr/local/bin/npm" "publish"
81 error cwd /Users/administrateur/Documents/sassdoc/sassdoc-theme-default
82 error node -v v0.10.26
83 error npm -v 1.4.3
84 verbose exit [ 1, true ]
